<?xml version="1.0" encoding="UTF-8"?>
<!-- Generated by org.testng.reporters.JUnitReportReporter -->
<testsuite skipped="0" hostname="LAPTOP-CL7U3OFA" name="runner.TestRunner" tests="1" failures="0" timestamp="12 Apr 2020 19:05:05 GMT" time="15.297" errors="0">
  <testcase name="feature" time="15.297" classname="runner.TestRunner"/>
</testsuite> <!-- runner.TestRunner -->
